{"/Users/reinhardjs/Documents/nocsai/nocsai-job-application/src/services/anamnesis-form.ts": {"path":"/Users/reinhardjs/Documents/nocsai/nocsai-job-application/src/services/anamnesis-form.ts","statementMap":{"0":{"start":{"line":9,"column":8},"end":{"line":9,"column":24}},"1":{"start":{"line":10,"column":8},"end":{"line":10,"column":73}},"2":{"start":{"line":22,"column":22},"end":{"line":22,"column":64}},"3":{"start":{"line":23,"column":8},"end":{"line":23,"column":62}},"4":{"start":{"line":32,"column":8},"end":{"line":32,"column":57}},"5":{"start":{"line":42,"column":8},"end":{"line":42,"column":77}},"6":{"start":{"line":56,"column":21},"end":{"line":56,"column":83}},"7":{"start":{"line":57,"column":8},"end":{"line":59,"column":9}},"8":{"start":{"line":58,"column":12},"end":{"line":58,"column":55}},"9":{"start":{"line":60,"column":8},"end":{"line":60,"column":33}},"10":{"start":{"line":61,"column":8},"end":{"line":61,"column":61}},"11":{"start":{"line":71,"column":21},"end":{"line":71,"column":83}},"12":{"start":{"line":72,"column":8},"end":{"line":74,"column":9}},"13":{"start":{"line":73,"column":12},"end":{"line":73,"column":55}},"14":{"start":{"line":75,"column":8},"end":{"line":75,"column":63}}},"fnMap":{"0":{"name":"(anonymous_0)","decl":{"start":{"line":8,"column":4},"end":{"line":8,"column":5}},"loc":{"start":{"line":8,"column":27},"end":{"line":11,"column":5}},"line":8},"1":{"name":"(anonymous_1)","decl":{"start":{"line":19,"column":4},"end":{"line":19,"column":5}},"loc":{"start":{"line":21,"column":30},"end":{"line":24,"column":5}},"line":21},"2":{"name":"(anonymous_2)","decl":{"start":{"line":31,"column":4},"end":{"line":31,"column":5}},"loc":{"start":{"line":31,"column":43},"end":{"line":33,"column":5}},"line":31},"3":{"name":"(anonymous_3)","decl":{"start":{"line":41,"column":4},"end":{"line":41,"column":5}},"loc":{"start":{"line":41,"column":50},"end":{"line":43,"column":5}},"line":41},"4":{"name":"(anonymous_4)","decl":{"start":{"line":52,"column":4},"end":{"line":52,"column":5}},"loc":{"start":{"line":55,"column":30},"end":{"line":62,"column":5}},"line":55},"5":{"name":"(anonymous_5)","decl":{"start":{"line":70,"column":4},"end":{"line":70,"column":5}},"loc":{"start":{"line":70,"column":53},"end":{"line":76,"column":5}},"line":70}},"branchMap":{"0":{"loc":{"start":{"line":57,"column":8},"end":{"line":59,"column":9}},"type":"if","locations":[{"start":{"line":57,"column":8},"end":{"line":59,"column":9}},{"start":{},"end":{}}],"line":57},"1":{"loc":{"start":{"line":72,"column":8},"end":{"line":74,"column":9}},"type":"if","locations":[{"start":{"line":72,"column":8},"end":{"line":74,"column":9}},{"start":{},"end":{}}],"line":72}},"s":{"0":8,"1":8,"2":1,"3":1,"4":1,"5":2,"6":2,"7":2,"8":1,"9":1,"10":1,"11":2,"12":2,"13":1,"14":1},"f":{"0":8,"1":1,"2":1,"3":2,"4":2,"5":2},"b":{"0":[1,1],"1":[1,1]},"_coverageSchema":"1a1c01bbd47fc00a2c39e90264f33305004495a9","hash":"cc2f13b9472d594b03d45a08bf63adb94106150a"}
,"/Users/reinhardjs/Documents/nocsai/nocsai-job-application/src/services/anamnesis-question.ts": {"path":"/Users/reinhardjs/Documents/nocsai/nocsai-job-application/src/services/anamnesis-question.ts","statementMap":{"0":{"start":{"line":10,"column":8},"end":{"line":10,"column":24}},"1":{"start":{"line":11,"column":8},"end":{"line":11,"column":81}},"2":{"start":{"line":23,"column":21},"end":{"line":31,"column":9}},"3":{"start":{"line":32,"column":25},"end":{"line":32,"column":71}},"4":{"start":{"line":33,"column":21},"end":{"line":33,"column":75}},"5":{"start":{"line":34,"column":8},"end":{"line":34,"column":29}},"6":{"start":{"line":36,"column":8},"end":{"line":36,"column":21}},"7":{"start":{"line":45,"column":8},"end":{"line":45,"column":61}},"8":{"start":{"line":55,"column":8},"end":{"line":55,"column":81}},"9":{"start":{"line":69,"column":25},"end":{"line":69,"column":91}},"10":{"start":{"line":70,"column":8},"end":{"line":72,"column":9}},"11":{"start":{"line":71,"column":12},"end":{"line":71,"column":59}},"12":{"start":{"line":73,"column":21},"end":{"line":81,"column":9}},"13":{"start":{"line":82,"column":8},"end":{"line":82,"column":37}},"14":{"start":{"line":83,"column":21},"end":{"line":83,"column":75}},"15":{"start":{"line":84,"column":8},"end":{"line":84,"column":29}},"16":{"start":{"line":86,"column":8},"end":{"line":86,"column":21}},"17":{"start":{"line":96,"column":25},"end":{"line":96,"column":91}},"18":{"start":{"line":97,"column":8},"end":{"line":99,"column":9}},"19":{"start":{"line":98,"column":12},"end":{"line":98,"column":59}},"20":{"start":{"line":100,"column":8},"end":{"line":100,"column":71}}},"fnMap":{"0":{"name":"(anonymous_0)","decl":{"start":{"line":9,"column":4},"end":{"line":9,"column":5}},"loc":{"start":{"line":9,"column":27},"end":{"line":12,"column":5}},"line":9},"1":{"name":"(anonymous_1)","decl":{"start":{"line":20,"column":4},"end":{"line":20,"column":5}},"loc":{"start":{"line":22,"column":34},"end":{"line":37,"column":5}},"line":22},"2":{"name":"(anonymous_2)","decl":{"start":{"line":44,"column":4},"end":{"line":44,"column":5}},"loc":{"start":{"line":44,"column":47},"end":{"line":46,"column":5}},"line":44},"3":{"name":"(anonymous_3)","decl":{"start":{"line":54,"column":4},"end":{"line":54,"column":5}},"loc":{"start":{"line":54,"column":54},"end":{"line":56,"column":5}},"line":54},"4":{"name":"(anonymous_4)","decl":{"start":{"line":65,"column":4},"end":{"line":65,"column":5}},"loc":{"start":{"line":68,"column":34},"end":{"line":87,"column":5}},"line":68},"5":{"name":"(anonymous_5)","decl":{"start":{"line":95,"column":4},"end":{"line":95,"column":5}},"loc":{"start":{"line":95,"column":57},"end":{"line":101,"column":5}},"line":95}},"branchMap":{"0":{"loc":{"start":{"line":70,"column":8},"end":{"line":72,"column":9}},"type":"if","locations":[{"start":{"line":70,"column":8},"end":{"line":72,"column":9}},{"start":{},"end":{}}],"line":70},"1":{"loc":{"start":{"line":97,"column":8},"end":{"line":99,"column":9}},"type":"if","locations":[{"start":{"line":97,"column":8},"end":{"line":99,"column":9}},{"start":{},"end":{}}],"line":97}},"s":{"0":8,"1":8,"2":1,"3":1,"4":1,"5":1,"6":1,"7":1,"8":2,"9":2,"10":2,"11":1,"12":1,"13":1,"14":1,"15":1,"16":1,"17":2,"18":2,"19":1,"20":1},"f":{"0":8,"1":1,"2":1,"3":2,"4":2,"5":2},"b":{"0":[1,1],"1":[1,1]},"_coverageSchema":"1a1c01bbd47fc00a2c39e90264f33305004495a9","hash":"b83a5cd0461e862177daf4eb0256e3d426358a3e"}
,"/Users/reinhardjs/Documents/nocsai/nocsai-job-application/src/services/anamnesis-response.ts": {"path":"/Users/reinhardjs/Documents/nocsai/nocsai-job-application/src/services/anamnesis-response.ts","statementMap":{"0":{"start":{"line":10,"column":8},"end":{"line":10,"column":24}},"1":{"start":{"line":11,"column":8},"end":{"line":11,"column":81}},"2":{"start":{"line":23,"column":21},"end":{"line":28,"column":9}},"3":{"start":{"line":29,"column":25},"end":{"line":29,"column":71}},"4":{"start":{"line":30,"column":21},"end":{"line":30,"column":75}},"5":{"start":{"line":31,"column":8},"end":{"line":31,"column":26}},"6":{"start":{"line":33,"column":8},"end":{"line":33,"column":21}},"7":{"start":{"line":42,"column":8},"end":{"line":42,"column":61}},"8":{"start":{"line":52,"column":8},"end":{"line":52,"column":81}},"9":{"start":{"line":66,"column":25},"end":{"line":66,"column":91}},"10":{"start":{"line":67,"column":8},"end":{"line":69,"column":9}},"11":{"start":{"line":68,"column":12},"end":{"line":68,"column":59}},"12":{"start":{"line":70,"column":21},"end":{"line":75,"column":9}},"13":{"start":{"line":76,"column":8},"end":{"line":76,"column":37}},"14":{"start":{"line":77,"column":21},"end":{"line":77,"column":75}},"15":{"start":{"line":78,"column":8},"end":{"line":78,"column":26}},"16":{"start":{"line":80,"column":8},"end":{"line":80,"column":21}},"17":{"start":{"line":90,"column":25},"end":{"line":90,"column":91}},"18":{"start":{"line":91,"column":8},"end":{"line":93,"column":9}},"19":{"start":{"line":92,"column":12},"end":{"line":92,"column":59}},"20":{"start":{"line":94,"column":8},"end":{"line":94,"column":71}}},"fnMap":{"0":{"name":"(anonymous_0)","decl":{"start":{"line":9,"column":4},"end":{"line":9,"column":5}},"loc":{"start":{"line":9,"column":27},"end":{"line":12,"column":5}},"line":9},"1":{"name":"(anonymous_1)","decl":{"start":{"line":20,"column":4},"end":{"line":20,"column":5}},"loc":{"start":{"line":22,"column":34},"end":{"line":34,"column":5}},"line":22},"2":{"name":"(anonymous_2)","decl":{"start":{"line":41,"column":4},"end":{"line":41,"column":5}},"loc":{"start":{"line":41,"column":47},"end":{"line":43,"column":5}},"line":41},"3":{"name":"(anonymous_3)","decl":{"start":{"line":51,"column":4},"end":{"line":51,"column":5}},"loc":{"start":{"line":51,"column":54},"end":{"line":53,"column":5}},"line":51},"4":{"name":"(anonymous_4)","decl":{"start":{"line":62,"column":4},"end":{"line":62,"column":5}},"loc":{"start":{"line":65,"column":34},"end":{"line":81,"column":5}},"line":65},"5":{"name":"(anonymous_5)","decl":{"start":{"line":89,"column":4},"end":{"line":89,"column":5}},"loc":{"start":{"line":89,"column":57},"end":{"line":95,"column":5}},"line":89}},"branchMap":{"0":{"loc":{"start":{"line":67,"column":8},"end":{"line":69,"column":9}},"type":"if","locations":[{"start":{"line":67,"column":8},"end":{"line":69,"column":9}},{"start":{},"end":{}}],"line":67},"1":{"loc":{"start":{"line":91,"column":8},"end":{"line":93,"column":9}},"type":"if","locations":[{"start":{"line":91,"column":8},"end":{"line":93,"column":9}},{"start":{},"end":{}}],"line":91}},"s":{"0":8,"1":8,"2":1,"3":1,"4":1,"5":1,"6":1,"7":1,"8":2,"9":2,"10":2,"11":1,"12":1,"13":1,"14":1,"15":1,"16":1,"17":2,"18":2,"19":1,"20":1},"f":{"0":8,"1":1,"2":1,"3":2,"4":2,"5":2},"b":{"0":[1,1],"1":[1,1]},"_coverageSchema":"1a1c01bbd47fc00a2c39e90264f33305004495a9","hash":"ab0dcd91bda5173194961a9df0f76df69cb2b575"}
,"/Users/reinhardjs/Documents/nocsai/nocsai-job-application/src/services/anamnesis-section.ts": {"path":"/Users/reinhardjs/Documents/nocsai/nocsai-job-application/src/services/anamnesis-section.ts","statementMap":{"0":{"start":{"line":10,"column":8},"end":{"line":10,"column":24}},"1":{"start":{"line":11,"column":8},"end":{"line":11,"column":79}},"2":{"start":{"line":23,"column":21},"end":{"line":30,"column":9}},"3":{"start":{"line":31,"column":24},"end":{"line":31,"column":69}},"4":{"start":{"line":32,"column":21},"end":{"line":32,"column":73}},"5":{"start":{"line":33,"column":8},"end":{"line":33,"column":26}},"6":{"start":{"line":35,"column":8},"end":{"line":35,"column":21}},"7":{"start":{"line":44,"column":8},"end":{"line":44,"column":60}},"8":{"start":{"line":54,"column":8},"end":{"line":54,"column":80}},"9":{"start":{"line":68,"column":24},"end":{"line":68,"column":89}},"10":{"start":{"line":69,"column":8},"end":{"line":71,"column":9}},"11":{"start":{"line":70,"column":12},"end":{"line":70,"column":58}},"12":{"start":{"line":72,"column":21},"end":{"line":79,"column":9}},"13":{"start":{"line":80,"column":8},"end":{"line":80,"column":36}},"14":{"start":{"line":81,"column":21},"end":{"line":81,"column":73}},"15":{"start":{"line":82,"column":8},"end":{"line":82,"column":26}},"16":{"start":{"line":84,"column":8},"end":{"line":84,"column":21}},"17":{"start":{"line":94,"column":24},"end":{"line":94,"column":89}},"18":{"start":{"line":95,"column":8},"end":{"line":97,"column":9}},"19":{"start":{"line":96,"column":12},"end":{"line":96,"column":58}},"20":{"start":{"line":98,"column":8},"end":{"line":98,"column":69}}},"fnMap":{"0":{"name":"(anonymous_0)","decl":{"start":{"line":9,"column":4},"end":{"line":9,"column":5}},"loc":{"start":{"line":9,"column":27},"end":{"line":12,"column":5}},"line":9},"1":{"name":"(anonymous_1)","decl":{"start":{"line":20,"column":4},"end":{"line":20,"column":5}},"loc":{"start":{"line":22,"column":33},"end":{"line":36,"column":5}},"line":22},"2":{"name":"(anonymous_2)","decl":{"start":{"line":43,"column":4},"end":{"line":43,"column":5}},"loc":{"start":{"line":43,"column":46},"end":{"line":45,"column":5}},"line":43},"3":{"name":"(anonymous_3)","decl":{"start":{"line":53,"column":4},"end":{"line":53,"column":5}},"loc":{"start":{"line":53,"column":53},"end":{"line":55,"column":5}},"line":53},"4":{"name":"(anonymous_4)","decl":{"start":{"line":64,"column":4},"end":{"line":64,"column":5}},"loc":{"start":{"line":67,"column":33},"end":{"line":85,"column":5}},"line":67},"5":{"name":"(anonymous_5)","decl":{"start":{"line":93,"column":4},"end":{"line":93,"column":5}},"loc":{"start":{"line":93,"column":56},"end":{"line":99,"column":5}},"line":93}},"branchMap":{"0":{"loc":{"start":{"line":69,"column":8},"end":{"line":71,"column":9}},"type":"if","locations":[{"start":{"line":69,"column":8},"end":{"line":71,"column":9}},{"start":{},"end":{}}],"line":69},"1":{"loc":{"start":{"line":95,"column":8},"end":{"line":97,"column":9}},"type":"if","locations":[{"start":{"line":95,"column":8},"end":{"line":97,"column":9}},{"start":{},"end":{}}],"line":95}},"s":{"0":7,"1":7,"2":1,"3":1,"4":1,"5":1,"6":1,"7":1,"8":1,"9":2,"10":2,"11":1,"12":1,"13":1,"14":1,"15":1,"16":1,"17":2,"18":2,"19":1,"20":1},"f":{"0":7,"1":1,"2":1,"3":1,"4":2,"5":2},"b":{"0":[1,1],"1":[1,1]},"_coverageSchema":"1a1c01bbd47fc00a2c39e90264f33305004495a9","hash":"0d0fe4c09e635ed329d8bc6a7ac8f9f12f5cc485"}
,"/Users/reinhardjs/Documents/nocsai/nocsai-job-application/src/services/translation.ts": {"path":"/Users/reinhardjs/Documents/nocsai/nocsai-job-application/src/services/translation.ts","statementMap":{"0":{"start":{"line":10,"column":8},"end":{"line":10,"column":24}},"1":{"start":{"line":11,"column":8},"end":{"line":11,"column":69}},"2":{"start":{"line":23,"column":21},"end":{"line":28,"column":9}},"3":{"start":{"line":30,"column":28},"end":{"line":30,"column":68}},"4":{"start":{"line":31,"column":21},"end":{"line":31,"column":72}},"5":{"start":{"line":33,"column":8},"end":{"line":33,"column":21}},"6":{"start":{"line":42,"column":8},"end":{"line":42,"column":55}},"7":{"start":{"line":52,"column":8},"end":{"line":52,"column":75}},"8":{"start":{"line":66,"column":28},"end":{"line":66,"column":88}},"9":{"start":{"line":67,"column":8},"end":{"line":69,"column":9}},"10":{"start":{"line":68,"column":12},"end":{"line":68,"column":52}},"11":{"start":{"line":70,"column":21},"end":{"line":75,"column":9}},"12":{"start":{"line":76,"column":8},"end":{"line":76,"column":40}},"13":{"start":{"line":77,"column":21},"end":{"line":77,"column":72}},"14":{"start":{"line":79,"column":8},"end":{"line":79,"column":21}},"15":{"start":{"line":89,"column":28},"end":{"line":89,"column":88}},"16":{"start":{"line":90,"column":8},"end":{"line":92,"column":9}},"17":{"start":{"line":91,"column":12},"end":{"line":91,"column":52}},"18":{"start":{"line":93,"column":8},"end":{"line":93,"column":68}}},"fnMap":{"0":{"name":"(anonymous_0)","decl":{"start":{"line":9,"column":4},"end":{"line":9,"column":5}},"loc":{"start":{"line":9,"column":27},"end":{"line":12,"column":5}},"line":9},"1":{"name":"(anonymous_1)","decl":{"start":{"line":20,"column":4},"end":{"line":20,"column":5}},"loc":{"start":{"line":22,"column":28},"end":{"line":34,"column":5}},"line":22},"2":{"name":"(anonymous_2)","decl":{"start":{"line":41,"column":4},"end":{"line":41,"column":5}},"loc":{"start":{"line":41,"column":41},"end":{"line":43,"column":5}},"line":41},"3":{"name":"(anonymous_3)","decl":{"start":{"line":51,"column":4},"end":{"line":51,"column":5}},"loc":{"start":{"line":51,"column":48},"end":{"line":53,"column":5}},"line":51},"4":{"name":"(anonymous_4)","decl":{"start":{"line":62,"column":4},"end":{"line":62,"column":5}},"loc":{"start":{"line":65,"column":28},"end":{"line":80,"column":5}},"line":65},"5":{"name":"(anonymous_5)","decl":{"start":{"line":88,"column":4},"end":{"line":88,"column":5}},"loc":{"start":{"line":88,"column":51},"end":{"line":94,"column":5}},"line":88}},"branchMap":{"0":{"loc":{"start":{"line":67,"column":8},"end":{"line":69,"column":9}},"type":"if","locations":[{"start":{"line":67,"column":8},"end":{"line":69,"column":9}},{"start":{},"end":{}}],"line":67},"1":{"loc":{"start":{"line":90,"column":8},"end":{"line":92,"column":9}},"type":"if","locations":[{"start":{"line":90,"column":8},"end":{"line":92,"column":9}},{"start":{},"end":{}}],"line":90}},"s":{"0":16,"1":16,"2":3,"3":3,"4":3,"5":3,"6":1,"7":4,"8":4,"9":4,"10":1,"11":3,"12":3,"13":3,"14":3,"15":4,"16":4,"17":1,"18":3},"f":{"0":16,"1":3,"2":1,"3":4,"4":4,"5":4},"b":{"0":[1,3],"1":[1,3]},"_coverageSchema":"1a1c01bbd47fc00a2c39e90264f33305004495a9","hash":"ae33fc1d9ac7dccd2721f5aa6a0ffc92ca603f85"}
}
