TN:
SF:src/services/anamnesis-form.ts
FN:8,(anonymous_0)
FN:19,(anonymous_1)
FN:31,(anonymous_2)
FN:41,(anonymous_3)
FN:45,(anonymous_4)
FN:56,(anonymous_5)
FN:74,(anonymous_6)
FNF:7
FNH:7
FNDA:11,(anonymous_0)
FNDA:1,(anonymous_1)
FNDA:1,(anonymous_2)
FNDA:2,(anonymous_3)
FNDA:3,(anonymous_4)
FNDA:2,(anonymous_5)
FNDA:2,(anonymous_6)
DA:9,11
DA:10,11
DA:22,1
DA:23,1
DA:32,1
DA:42,2
DA:46,3
DA:60,2
DA:61,2
DA:62,1
DA:64,1
DA:65,1
DA:75,2
DA:76,2
DA:77,1
DA:79,1
LF:16
LH:16
BRDA:61,0,0,1
BRDA:61,0,1,1
BRDA:76,1,0,1
BRDA:76,1,1,1
BRF:4
BRH:4
end_of_record
TN:
SF:src/services/anamnesis-question.ts
FN:9,(anonymous_0)
FN:20,(anonymous_1)
FN:44,(anonymous_2)
FN:54,(anonymous_3)
FN:65,(anonymous_4)
FN:95,(anonymous_5)
FNF:6
FNH:6
FNDA:8,(anonymous_0)
FNDA:1,(anonymous_1)
FNDA:1,(anonymous_2)
FNDA:2,(anonymous_3)
FNDA:2,(anonymous_4)
FNDA:2,(anonymous_5)
DA:10,8
DA:11,8
DA:23,1
DA:32,1
DA:33,1
DA:34,1
DA:36,1
DA:45,1
DA:55,2
DA:69,2
DA:70,2
DA:71,1
DA:73,1
DA:82,1
DA:83,1
DA:84,1
DA:86,1
DA:96,2
DA:97,2
DA:98,1
DA:100,1
LF:21
LH:21
BRDA:70,0,0,1
BRDA:70,0,1,1
BRDA:97,1,0,1
BRDA:97,1,1,1
BRF:4
BRH:4
end_of_record
TN:
SF:src/services/anamnesis-response.ts
FN:9,(anonymous_0)
FN:20,(anonymous_1)
FN:41,(anonymous_2)
FN:51,(anonymous_3)
FN:62,(anonymous_4)
FN:89,(anonymous_5)
FNF:6
FNH:6
FNDA:8,(anonymous_0)
FNDA:1,(anonymous_1)
FNDA:1,(anonymous_2)
FNDA:2,(anonymous_3)
FNDA:2,(anonymous_4)
FNDA:2,(anonymous_5)
DA:10,8
DA:11,8
DA:23,1
DA:29,1
DA:30,1
DA:31,1
DA:33,1
DA:42,1
DA:52,2
DA:66,2
DA:67,2
DA:68,1
DA:70,1
DA:76,1
DA:77,1
DA:78,1
DA:80,1
DA:90,2
DA:91,2
DA:92,1
DA:94,1
LF:21
LH:21
BRDA:67,0,0,1
BRDA:67,0,1,1
BRDA:91,1,0,1
BRDA:91,1,1,1
BRF:4
BRH:4
end_of_record
TN:
SF:src/services/anamnesis-section.ts
FN:9,(anonymous_0)
FN:20,(anonymous_1)
FN:43,(anonymous_2)
FN:53,(anonymous_3)
FN:64,(anonymous_4)
FN:93,(anonymous_5)
FNF:6
FNH:6
FNDA:7,(anonymous_0)
FNDA:1,(anonymous_1)
FNDA:1,(anonymous_2)
FNDA:1,(anonymous_3)
FNDA:2,(anonymous_4)
FNDA:2,(anonymous_5)
DA:10,7
DA:11,7
DA:23,1
DA:31,1
DA:32,1
DA:33,1
DA:35,1
DA:44,1
DA:54,1
DA:68,2
DA:69,2
DA:70,1
DA:72,1
DA:80,1
DA:81,1
DA:82,1
DA:84,1
DA:94,2
DA:95,2
DA:96,1
DA:98,1
LF:21
LH:21
BRDA:69,0,0,1
BRDA:69,0,1,1
BRDA:95,1,0,1
BRDA:95,1,1,1
BRF:4
BRH:4
end_of_record
TN:
SF:src/services/translation.ts
FN:9,(anonymous_0)
FN:20,(anonymous_1)
FN:41,(anonymous_2)
FN:51,(anonymous_3)
FN:62,(anonymous_4)
FN:88,(anonymous_5)
FNF:6
FNH:6
FNDA:16,(anonymous_0)
FNDA:3,(anonymous_1)
FNDA:1,(anonymous_2)
FNDA:4,(anonymous_3)
FNDA:4,(anonymous_4)
FNDA:4,(anonymous_5)
DA:10,16
DA:11,16
DA:23,3
DA:30,3
DA:31,3
DA:33,3
DA:42,1
DA:52,4
DA:66,4
DA:67,4
DA:68,1
DA:70,3
DA:76,3
DA:77,3
DA:79,3
DA:89,4
DA:90,4
DA:91,1
DA:93,3
LF:19
LH:19
BRDA:67,0,0,1
BRDA:67,0,1,3
BRDA:90,1,0,1
BRDA:90,1,1,3
BRF:4
BRH:4
end_of_record
